<?xml version="1.0" encoding="UTF-8"?>
<testsuite xmlns:xsi="http://www.w3.org/2001/XMLSchema-instance" xsi:noNamespaceSchemaLocation="https://maven.apache.org/surefire/maven-surefire-plugin/xsd/surefire-test-report.xsd" name="com.sparkdigital.api.repositories.MovieRepositoryTest" time="13.58" tests="4" errors="0" skipped="0" failures="0">
  <properties>
    <property name="gopherProxySet" value="false"/>
    <property name="awt.toolkit" value="sun.lwawt.macosx.LWCToolkit"/>
    <property name="java.specification.version" value="11"/>
    <property name="sun.cpu.isalist" value=""/>
    <property name="sun.jnu.encoding" value="UTF-8"/>
    <property name="java.class.path" value="/Users/hernanezequielmartinez/Documents/workspace/SparklyMovieDatabase/target/test-classes:/Users/hernanezequielmartinez/Documents/workspace/SparklyMovieDatabase/target/classes:/Users/hernanezequielmartinez/.m2/repository/org/springframework/boot/spring-boot-starter-web/2.0.5.RELEASE/spring-boot-starter-web-2.0.5.RELEASE.jar:/Users/hernanezequielmartinez/.m2/repository/org/springframework/boot/spring-boot-starter/2.0.5.RELEASE/spring-boot-starter-2.0.5.RELEASE.jar:/Users/hernanezequielmartinez/.m2/repository/org/springframework/boot/spring-boot-starter-logging/2.0.5.RELEASE/spring-boot-starter-logging-2.0.5.RELEASE.jar:/Users/hernanezequielmartinez/.m2/repository/ch/qos/logback/logback-classic/1.2.3/logback-classic-1.2.3.jar:/Users/hernanezequielmartinez/.m2/repository/ch/qos/logback/logback-core/1.2.3/logback-core-1.2.3.jar:/Users/hernanezequielmartinez/.m2/repository/org/apache/logging/log4j/log4j-to-slf4j/2.10.0/log4j-to-slf4j-2.10.0.jar:/Users/hernanezequielmartinez/.m2/repository/org/apache/logging/log4j/log4j-api/2.10.0/log4j-api-2.10.0.jar:/Users/hernanezequielmartinez/.m2/repository/org/slf4j/jul-to-slf4j/1.7.25/jul-to-slf4j-1.7.25.jar:/Users/hernanezequielmartinez/.m2/repository/javax/annotation/javax.annotation-api/1.3.2/javax.annotation-api-1.3.2.jar:/Users/hernanezequielmartinez/.m2/repository/org/yaml/snakeyaml/1.19/snakeyaml-1.19.jar:/Users/hernanezequielmartinez/.m2/repository/org/springframework/boot/spring-boot-starter-json/2.0.5.RELEASE/spring-boot-starter-json-2.0.5.RELEASE.jar:/Users/hernanezequielmartinez/.m2/repository/com/fasterxml/jackson/core/jackson-databind/2.9.6/jackson-databind-2.9.6.jar:/Users/hernanezequielmartinez/.m2/repository/com/fasterxml/jackson/core/jackson-core/2.9.6/jackson-core-2.9.6.jar:/Users/hernanezequielmartinez/.m2/repository/com/fasterxml/jackson/datatype/jackson-datatype-jdk8/2.9.6/jackson-datatype-jdk8-2.9.6.jar:/Users/hernanezequielmartinez/.m2/repository/com/fasterxml/jackson/datatype/jackson-datatype-jsr310/2.9.6/jackson-datatype-jsr310-2.9.6.jar:/Users/hernanezequielmartinez/.m2/repository/com/fasterxml/jackson/module/jackson-module-parameter-names/2.9.6/jackson-module-parameter-names-2.9.6.jar:/Users/hernanezequielmartinez/.m2/repository/org/springframework/boot/spring-boot-starter-tomcat/2.0.5.RELEASE/spring-boot-starter-tomcat-2.0.5.RELEASE.jar:/Users/hernanezequielmartinez/.m2/repository/org/apache/tomcat/embed/tomcat-embed-core/8.5.34/tomcat-embed-core-8.5.34.jar:/Users/hernanezequielmartinez/.m2/repository/org/apache/tomcat/embed/tomcat-embed-el/8.5.34/tomcat-embed-el-8.5.34.jar:/Users/hernanezequielmartinez/.m2/repository/org/apache/tomcat/embed/tomcat-embed-websocket/8.5.34/tomcat-embed-websocket-8.5.34.jar:/Users/hernanezequielmartinez/.m2/repository/org/hibernate/validator/hibernate-validator/6.0.12.Final/hibernate-validator-6.0.12.Final.jar:/Users/hernanezequielmartinez/.m2/repository/javax/validation/validation-api/2.0.1.Final/validation-api-2.0.1.Final.jar:/Users/hernanezequielmartinez/.m2/repository/org/jboss/logging/jboss-logging/3.3.2.Final/jboss-logging-3.3.2.Final.jar:/Users/hernanezequielmartinez/.m2/repository/com/fasterxml/classmate/1.3.4/classmate-1.3.4.jar:/Users/hernanezequielmartinez/.m2/repository/org/springframework/spring-web/5.0.9.RELEASE/spring-web-5.0.9.RELEASE.jar:/Users/hernanezequielmartinez/.m2/repository/org/springframework/spring-beans/5.0.9.RELEASE/spring-beans-5.0.9.RELEASE.jar:/Users/hernanezequielmartinez/.m2/repository/org/springframework/spring-webmvc/5.0.9.RELEASE/spring-webmvc-5.0.9.RELEASE.jar:/Users/hernanezequielmartinez/.m2/repository/org/springframework/spring-aop/5.0.9.RELEASE/spring-aop-5.0.9.RELEASE.jar:/Users/hernanezequielmartinez/.m2/repository/org/springframework/spring-context/5.0.9.RELEASE/spring-context-5.0.9.RELEASE.jar:/Users/hernanezequielmartinez/.m2/repository/org/springframework/spring-expression/5.0.9.RELEASE/spring-expression-5.0.9.RELEASE.jar:/Users/hernanezequielmartinez/.m2/repository/org/springframework/boot/spring-boot-starter-data-neo4j/2.0.5.RELEASE/spring-boot-starter-data-neo4j-2.0.5.RELEASE.jar:/Users/hernanezequielmartinez/.m2/repository/org/springframework/data/spring-data-neo4j/5.0.10.RELEASE/spring-data-neo4j-5.0.10.RELEASE.jar:/Users/hernanezequielmartinez/.m2/repository/org/springframework/spring-tx/5.0.9.RELEASE/spring-tx-5.0.9.RELEASE.jar:/Users/hernanezequielmartinez/.m2/repository/org/springframework/data/spring-data-commons/2.0.10.RELEASE/spring-data-commons-2.0.10.RELEASE.jar:/Users/hernanezequielmartinez/.m2/repository/org/slf4j/slf4j-api/1.7.25/slf4j-api-1.7.25.jar:/Users/hernanezequielmartinez/.m2/repository/org/springframework/boot/spring-boot-starter-data-rest/2.0.5.RELEASE/spring-boot-starter-data-rest-2.0.5.RELEASE.jar:/Users/hernanezequielmartinez/.m2/repository/org/springframework/data/spring-data-rest-webmvc/3.0.10.RELEASE/spring-data-rest-webmvc-3.0.10.RELEASE.jar:/Users/hernanezequielmartinez/.m2/repository/org/springframework/data/spring-data-rest-core/3.0.10.RELEASE/spring-data-rest-core-3.0.10.RELEASE.jar:/Users/hernanezequielmartinez/.m2/repository/org/springframework/hateoas/spring-hateoas/0.25.0.RELEASE/spring-hateoas-0.25.0.RELEASE.jar:/Users/hernanezequielmartinez/.m2/repository/org/springframework/plugin/spring-plugin-core/1.2.0.RELEASE/spring-plugin-core-1.2.0.RELEASE.jar:/Users/hernanezequielmartinez/.m2/repository/org/atteo/evo-inflector/1.2.2/evo-inflector-1.2.2.jar:/Users/hernanezequielmartinez/.m2/repository/com/fasterxml/jackson/core/jackson-annotations/2.9.0/jackson-annotations-2.9.0.jar:/Users/hernanezequielmartinez/.m2/repository/org/springframework/boot/spring-boot-devtools/2.0.5.RELEASE/spring-boot-devtools-2.0.5.RELEASE.jar:/Users/hernanezequielmartinez/.m2/repository/org/springframework/boot/spring-boot/2.0.5.RELEASE/spring-boot-2.0.5.RELEASE.jar:/Users/hernanezequielmartinez/.m2/repository/org/springframework/boot/spring-boot-autoconfigure/2.0.5.RELEASE/spring-boot-autoconfigure-2.0.5.RELEASE.jar:/Users/hernanezequielmartinez/.m2/repository/org/springframework/boot/spring-boot-starter-test/2.0.5.RELEASE/spring-boot-starter-test-2.0.5.RELEASE.jar:/Users/hernanezequielmartinez/.m2/repository/org/springframework/boot/spring-boot-test/2.0.5.RELEASE/spring-boot-test-2.0.5.RELEASE.jar:/Users/hernanezequielmartinez/.m2/repository/org/springframework/boot/spring-boot-test-autoconfigure/2.0.5.RELEASE/spring-boot-test-autoconfigure-2.0.5.RELEASE.jar:/Users/hernanezequielmartinez/.m2/repository/com/jayway/jsonpath/json-path/2.4.0/json-path-2.4.0.jar:/Users/hernanezequielmartinez/.m2/repository/net/minidev/json-smart/2.3/json-smart-2.3.jar:/Users/hernanezequielmartinez/.m2/repository/net/minidev/accessors-smart/1.2/accessors-smart-1.2.jar:/Users/hernanezequielmartinez/.m2/repository/junit/junit/4.12/junit-4.12.jar:/Users/hernanezequielmartinez/.m2/repository/org/assertj/assertj-core/3.9.1/assertj-core-3.9.1.jar:/Users/hernanezequielmartinez/.m2/repository/org/mockito/mockito-core/2.15.0/mockito-core-2.15.0.jar:/Users/hernanezequielmartinez/.m2/repository/net/bytebuddy/byte-buddy/1.7.11/byte-buddy-1.7.11.jar:/Users/hernanezequielmartinez/.m2/repository/net/bytebuddy/byte-buddy-agent/1.7.11/byte-buddy-agent-1.7.11.jar:/Users/hernanezequielmartinez/.m2/repository/org/objenesis/objenesis/2.6/objenesis-2.6.jar:/Users/hernanezequielmartinez/.m2/repository/org/hamcrest/hamcrest-core/1.3/hamcrest-core-1.3.jar:/Users/hernanezequielmartinez/.m2/repository/org/hamcrest/hamcrest-library/1.3/hamcrest-library-1.3.jar:/Users/hernanezequielmartinez/.m2/repository/org/skyscreamer/jsonassert/1.5.0/jsonassert-1.5.0.jar:/Users/hernanezequielmartinez/.m2/repository/com/vaadin/external/google/android-json/0.0.20131108.vaadin1/android-json-0.0.20131108.vaadin1.jar:/Users/hernanezequielmartinez/.m2/repository/org/springframework/spring-core/5.0.9.RELEASE/spring-core-5.0.9.RELEASE.jar:/Users/hernanezequielmartinez/.m2/repository/org/springframework/spring-jcl/5.0.9.RELEASE/spring-jcl-5.0.9.RELEASE.jar:/Users/hernanezequielmartinez/.m2/repository/org/springframework/spring-test/5.0.9.RELEASE/spring-test-5.0.9.RELEASE.jar:/Users/hernanezequielmartinez/.m2/repository/org/xmlunit/xmlunit-core/2.5.1/xmlunit-core-2.5.1.jar:/Users/hernanezequielmartinez/.m2/repository/org/neo4j/neo4j/3.4.9/neo4j-3.4.9.jar:/Users/hernanezequielmartinez/.m2/repository/org/neo4j/neo4j-kernel/3.4.9/neo4j-kernel-3.4.9.jar:/Users/hernanezequielmartinez/.m2/repository/org/neo4j/neo4j-graphdb-api/3.4.9/neo4j-graphdb-api-3.4.9.jar:/Users/hernanezequielmartinez/.m2/repository/org/neo4j/neo4j-resource/3.4.9/neo4j-resource-3.4.9.jar:/Users/hernanezequielmartinez/.m2/repository/org/neo4j/neo4j-procedure-api/3.4.9/neo4j-procedure-api-3.4.9.jar:/Users/hernanezequielmartinez/.m2/repository/org/neo4j/neo4j-kernel-api/3.4.9/neo4j-kernel-api-3.4.9.jar:/Users/hernanezequielmartinez/.m2/repository/org/neo4j/neo4j-common/3.4.9/neo4j-common-3.4.9.jar:/Users/hernanezequielmartinez/.m2/repository/org/neo4j/neo4j-values/3.4.9/neo4j-values-3.4.9.jar:/Users/hernanezequielmartinez/.m2/repository/org/neo4j/neo4j-collections/3.4.9/neo4j-collections-3.4.9.jar:/Users/hernanezequielmartinez/.m2/repository/org/neo4j/neo4j-primitive-collections/3.4.9/neo4j-primitive-collections-3.4.9.jar:/Users/hernanezequielmartinez/.m2/repository/org/neo4j/neo4j-unsafe/3.4.9/neo4j-unsafe-3.4.9.jar:/Users/hernanezequielmartinez/.m2/repository/org/neo4j/neo4j-io/3.4.9/neo4j-io-3.4.9.jar:/Users/hernanezequielmartinez/.m2/repository/org/neo4j/neo4j-csv/3.4.9/neo4j-csv-3.4.9.jar:/Users/hernanezequielmartinez/.m2/repository/org/neo4j/neo4j-logging/3.4.9/neo4j-logging-3.4.9.jar:/Users/hernanezequielmartinez/.m2/repository/org/neo4j/neo4j-lucene-upgrade/3.4.9/neo4j-lucene-upgrade-3.4.9.jar:/Users/hernanezequielmartinez/.m2/repository/org/apache/lucene/lucene-backward-codecs/5.5.0/lucene-backward-codecs-5.5.0.jar:/Users/hernanezequielmartinez/.m2/repository/org/neo4j/neo4j-configuration/3.4.9/neo4j-configuration-3.4.9.jar:/Users/hernanezequielmartinez/.m2/repository/org/neo4j/neo4j-index/3.4.9/neo4j-index-3.4.9.jar:/Users/hernanezequielmartinez/.m2/repository/org/neo4j/neo4j-spatial-index/3.4.9/neo4j-spatial-index-3.4.9.jar:/Users/hernanezequielmartinez/.m2/repository/org/neo4j/neo4j-ssl/3.4.9/neo4j-ssl-3.4.9.jar:/Users/hernanezequielmartinez/.m2/repository/io/netty/netty-all/4.1.29.Final/netty-all-4.1.29.Final.jar:/Users/hernanezequielmartinez/.m2/repository/org/bouncycastle/bcpkix-jdk15on/1.60/bcpkix-jdk15on-1.60.jar:/Users/hernanezequielmartinez/.m2/repository/org/bouncycastle/bcprov-jdk15on/1.60/bcprov-jdk15on-1.60.jar:/Users/hernanezequielmartinez/.m2/repository/org/neo4j/neo4j-lucene-index/3.4.9/neo4j-lucene-index-3.4.9.jar:/Users/hernanezequielmartinez/.m2/repository/org/apache/lucene/lucene-analyzers-common/5.5.5/lucene-analyzers-common-5.5.5.jar:/Users/hernanezequielmartinez/.m2/repository/org/apache/lucene/lucene-core/5.5.5/lucene-core-5.5.5.jar:/Users/hernanezequielmartinez/.m2/repository/org/apache/lucene/lucene-queryparser/5.5.5/lucene-queryparser-5.5.5.jar:/Users/hernanezequielmartinez/.m2/repository/org/apache/lucene/lucene-codecs/5.5.5/lucene-codecs-5.5.5.jar:/Users/hernanezequielmartinez/.m2/repository/org/neo4j/neo4j-graph-algo/3.4.9/neo4j-graph-algo-3.4.9.jar:/Users/hernanezequielmartinez/.m2/repository/org/neo4j/neo4j-udc/3.4.9/neo4j-udc-3.4.9.jar:/Users/hernanezequielmartinez/.m2/repository/org/neo4j/neo4j-cypher/3.4.9/neo4j-cypher-3.4.9.jar:/Users/hernanezequielmartinez/.m2/repository/org/scala-lang/scala-library/2.11.12/scala-library-2.11.12.jar:/Users/hernanezequielmartinez/.m2/repository/org/scala-lang/scala-reflect/2.11.12/scala-reflect-2.11.12.jar:/Users/hernanezequielmartinez/.m2/repository/org/neo4j/neo4j-graph-matching/3.1.9/neo4j-graph-matching-3.1.9.jar:/Users/hernanezequielmartinez/.m2/repository/org/neo4j/neo4j-codegen/3.4.9/neo4j-codegen-3.4.9.jar:/Users/hernanezequielmartinez/.m2/repository/org/ow2/asm/asm/6.2/asm-6.2.jar:/Users/hernanezequielmartinez/.m2/repository/org/ow2/asm/asm-util/6.2/asm-util-6.2.jar:/Users/hernanezequielmartinez/.m2/repository/org/ow2/asm/asm-analysis/6.2/asm-analysis-6.2.jar:/Users/hernanezequielmartinez/.m2/repository/org/ow2/asm/asm-tree/6.2/asm-tree-6.2.jar:/Users/hernanezequielmartinez/.m2/repository/org/neo4j/neo4j-cypher-compiler-2.3/2.3.12/neo4j-cypher-compiler-2.3-2.3.12.jar:/Users/hernanezequielmartinez/.m2/repository/org/neo4j/neo4j-cypher-frontend-2.3/2.3.12/neo4j-cypher-frontend-2.3-2.3.12.jar:/Users/hernanezequielmartinez/.m2/repository/com/googlecode/concurrentlinkedhashmap/concurrentlinkedhashmap-lru/1.4.2/concurrentlinkedhashmap-lru-1.4.2.jar:/Users/hernanezequielmartinez/.m2/repository/org/neo4j/neo4j-cypher-compiler-3.1/3.1.9/neo4j-cypher-compiler-3.1-3.1.9.jar:/Users/hernanezequielmartinez/.m2/repository/org/neo4j/neo4j-cypher-frontend-3.1/3.1.9/neo4j-cypher-frontend-3.1-3.1.9.jar:/Users/hernanezequielmartinez/.m2/repository/com/github/ben-manes/caffeine/caffeine/2.6.2/caffeine-2.6.2.jar:/Users/hernanezequielmartinez/.m2/repository/org/neo4j/neo4j-cypher-compiler-3.3/3.3.7/neo4j-cypher-compiler-3.3-3.3.7.jar:/Users/hernanezequielmartinez/.m2/repository/org/neo4j/neo4j-cypher-frontend-3.3/3.3.7/neo4j-cypher-frontend-3.3-3.3.7.jar:/Users/hernanezequielmartinez/.m2/repository/org/neo4j/neo4j-cypher-ir-3.3/3.3.7/neo4j-cypher-ir-3.3-3.3.7.jar:/Users/hernanezequielmartinez/.m2/repository/org/neo4j/neo4j-cypher-logical-plans-3.3/3.3.7/neo4j-cypher-logical-plans-3.3-3.3.7.jar:/Users/hernanezequielmartinez/.m2/repository/org/neo4j/neo4j-cypher-util-3.4/3.4.9/neo4j-cypher-util-3.4-3.4.9.jar:/Users/hernanezequielmartinez/.m2/repository/org/neo4j/neo4j-cypher-planner-3.4/3.4.9/neo4j-cypher-planner-3.4-3.4.9.jar:/Users/hernanezequielmartinez/.m2/repository/org/neo4j/openCypher-frontend-1/3.4.9/openCypher-frontend-1-3.4.9.jar:/Users/hernanezequielmartinez/.m2/repository/org/neo4j/neo4j-cypher-expression-3.4/3.4.9/neo4j-cypher-expression-3.4-3.4.9.jar:/Users/hernanezequielmartinez/.m2/repository/org/neo4j/neo4j-cypher-ir-3.4/3.4.9/neo4j-cypher-ir-3.4-3.4.9.jar:/Users/hernanezequielmartinez/.m2/repository/org/neo4j/neo4j-cypher-logical-plans-3.4/3.4.9/neo4j-cypher-logical-plans-3.4-3.4.9.jar:/Users/hernanezequielmartinez/.m2/repository/org/neo4j/neo4j-cypher-planner-spi-3.4/3.4.9/neo4j-cypher-planner-spi-3.4-3.4.9.jar:/Users/hernanezequielmartinez/.m2/repository/org/neo4j/neo4j-cypher-runtime-util/3.4.9/neo4j-cypher-runtime-util-3.4.9.jar:/Users/hernanezequielmartinez/.m2/repository/org/neo4j/neo4j-cypher-interpreted-runtime/3.4.9/neo4j-cypher-interpreted-runtime-3.4.9.jar:/Users/hernanezequielmartinez/.m2/repository/org/parboiled/parboiled-scala_2.11/1.1.7/parboiled-scala_2.11-1.1.7.jar:/Users/hernanezequielmartinez/.m2/repository/org/parboiled/parboiled-core/1.1.7/parboiled-core-1.1.7.jar:/Users/hernanezequielmartinez/.m2/repository/net/sf/opencsv/opencsv/2.3/opencsv-2.3.jar:/Users/hernanezequielmartinez/.m2/repository/org/apache/commons/commons-lang3/3.7/commons-lang3-3.7.jar:/Users/hernanezequielmartinez/.m2/repository/org/neo4j/neo4j-jmx/3.4.9/neo4j-jmx-3.4.9.jar:/Users/hernanezequielmartinez/.m2/repository/org/neo4j/neo4j-consistency-check/3.4.9/neo4j-consistency-check-3.4.9.jar:/Users/hernanezequielmartinez/.m2/repository/org/neo4j/neo4j-command-line/3.4.9/neo4j-command-line-3.4.9.jar:/Users/hernanezequielmartinez/.m2/repository/org/apache/commons/commons-text/1.3/commons-text-1.3.jar:/Users/hernanezequielmartinez/.m2/repository/org/neo4j/neo4j-dbms/3.4.9/neo4j-dbms-3.4.9.jar:/Users/hernanezequielmartinez/.m2/repository/org/neo4j/neo4j-import-tool/3.4.9/neo4j-import-tool-3.4.9.jar:/Users/hernanezequielmartinez/.m2/repository/org/jprocesses/jProcesses/1.6.4/jProcesses-1.6.4.jar:/Users/hernanezequielmartinez/.m2/repository/com/profesorfalken/WMI4Java/1.6.1/WMI4Java-1.6.1.jar:/Users/hernanezequielmartinez/.m2/repository/com/profesorfalken/jPowerShell/1.9/jPowerShell-1.9.jar:/Users/hernanezequielmartinez/.m2/repository/org/apache/commons/commons-compress/1.16.1/commons-compress-1.16.1.jar:/Users/hernanezequielmartinez/.m2/repository/org/neo4j/neo4j-ogm-embedded-driver/3.1.2/neo4j-ogm-embedded-driver-3.1.2.jar:/Users/hernanezequielmartinez/.m2/repository/org/neo4j/neo4j-ogm-api/3.1.2/neo4j-ogm-api-3.1.2.jar:/Users/hernanezequielmartinez/.m2/repository/org/neo4j/neo4j-ogm-core/3.1.2/neo4j-ogm-core-3.1.2.jar:/Users/hernanezequielmartinez/.m2/repository/io/github/lukehutch/fast-classpath-scanner/2.18.1/fast-classpath-scanner-2.18.1.jar:/Users/hernanezequielmartinez/.m2/repository/commons-io/commons-io/2.4/commons-io-2.4.jar:/Users/hernanezequielmartinez/.m2/repository/org/neo4j/neo4j-ogm-bolt-driver/3.1.2/neo4j-ogm-bolt-driver-3.1.2.jar:/Users/hernanezequielmartinez/.m2/repository/org/neo4j/driver/neo4j-java-driver/1.5.0/neo4j-java-driver-1.5.0.jar:"/>
    <property name="java.vm.vendor" value="JetBrains s.r.o"/>
    <property name="sun.arch.data.model" value="64"/>
    <property name="java.vendor.url" value="https://www.jetbrains.com/"/>
    <property name="user.timezone" value=""/>
    <property name="java.vm.specification.version" value="11"/>
    <property name="os.name" value="Mac OS X"/>
    <property name="sun.java.launcher" value="SUN_STANDARD"/>
    <property name="user.country" value="AR"/>
    <property name="sun.boot.library.path" value="/Applications/IntelliJ IDEA CE.app/Contents/jbr/Contents/Home/lib"/>
    <property name="sun.java.command" value="/Users/hernanezequielmartinez/Documents/workspace/SparklyMovieDatabase/target/surefire/surefirebooter8534843084911506149.jar /Users/hernanezequielmartinez/Documents/workspace/SparklyMovieDatabase/target/surefire 2020-03-26T18-13-52_568-jvmRun1 surefire1826833293144875017tmp surefire_0111427357141661385tmp"/>
    <property name="http.nonProxyHosts" value="local|*.local|169.254/16|*.169.254/16"/>
    <property name="jdk.debug" value="release"/>
    <property name="surefire.test.class.path" value="/Users/hernanezequielmartinez/Documents/workspace/SparklyMovieDatabase/target/test-classes:/Users/hernanezequielmartinez/Documents/workspace/SparklyMovieDatabase/target/classes:/Users/hernanezequielmartinez/.m2/repository/org/springframework/boot/spring-boot-starter-web/2.0.5.RELEASE/spring-boot-starter-web-2.0.5.RELEASE.jar:/Users/hernanezequielmartinez/.m2/repository/org/springframework/boot/spring-boot-starter/2.0.5.RELEASE/spring-boot-starter-2.0.5.RELEASE.jar:/Users/hernanezequielmartinez/.m2/repository/org/springframework/boot/spring-boot-starter-logging/2.0.5.RELEASE/spring-boot-starter-logging-2.0.5.RELEASE.jar:/Users/hernanezequielmartinez/.m2/repository/ch/qos/logback/logback-classic/1.2.3/logback-classic-1.2.3.jar:/Users/hernanezequielmartinez/.m2/repository/ch/qos/logback/logback-core/1.2.3/logback-core-1.2.3.jar:/Users/hernanezequielmartinez/.m2/repository/org/apache/logging/log4j/log4j-to-slf4j/2.10.0/log4j-to-slf4j-2.10.0.jar:/Users/hernanezequielmartinez/.m2/repository/org/apache/logging/log4j/log4j-api/2.10.0/log4j-api-2.10.0.jar:/Users/hernanezequielmartinez/.m2/repository/org/slf4j/jul-to-slf4j/1.7.25/jul-to-slf4j-1.7.25.jar:/Users/hernanezequielmartinez/.m2/repository/javax/annotation/javax.annotation-api/1.3.2/javax.annotation-api-1.3.2.jar:/Users/hernanezequielmartinez/.m2/repository/org/yaml/snakeyaml/1.19/snakeyaml-1.19.jar:/Users/hernanezequielmartinez/.m2/repository/org/springframework/boot/spring-boot-starter-json/2.0.5.RELEASE/spring-boot-starter-json-2.0.5.RELEASE.jar:/Users/hernanezequielmartinez/.m2/repository/com/fasterxml/jackson/core/jackson-databind/2.9.6/jackson-databind-2.9.6.jar:/Users/hernanezequielmartinez/.m2/repository/com/fasterxml/jackson/core/jackson-core/2.9.6/jackson-core-2.9.6.jar:/Users/hernanezequielmartinez/.m2/repository/com/fasterxml/jackson/datatype/jackson-datatype-jdk8/2.9.6/jackson-datatype-jdk8-2.9.6.jar:/Users/hernanezequielmartinez/.m2/repository/com/fasterxml/jackson/datatype/jackson-datatype-jsr310/2.9.6/jackson-datatype-jsr310-2.9.6.jar:/Users/hernanezequielmartinez/.m2/repository/com/fasterxml/jackson/module/jackson-module-parameter-names/2.9.6/jackson-module-parameter-names-2.9.6.jar:/Users/hernanezequielmartinez/.m2/repository/org/springframework/boot/spring-boot-starter-tomcat/2.0.5.RELEASE/spring-boot-starter-tomcat-2.0.5.RELEASE.jar:/Users/hernanezequielmartinez/.m2/repository/org/apache/tomcat/embed/tomcat-embed-core/8.5.34/tomcat-embed-core-8.5.34.jar:/Users/hernanezequielmartinez/.m2/repository/org/apache/tomcat/embed/tomcat-embed-el/8.5.34/tomcat-embed-el-8.5.34.jar:/Users/hernanezequielmartinez/.m2/repository/org/apache/tomcat/embed/tomcat-embed-websocket/8.5.34/tomcat-embed-websocket-8.5.34.jar:/Users/hernanezequielmartinez/.m2/repository/org/hibernate/validator/hibernate-validator/6.0.12.Final/hibernate-validator-6.0.12.Final.jar:/Users/hernanezequielmartinez/.m2/repository/javax/validation/validation-api/2.0.1.Final/validation-api-2.0.1.Final.jar:/Users/hernanezequielmartinez/.m2/repository/org/jboss/logging/jboss-logging/3.3.2.Final/jboss-logging-3.3.2.Final.jar:/Users/hernanezequielmartinez/.m2/repository/com/fasterxml/classmate/1.3.4/classmate-1.3.4.jar:/Users/hernanezequielmartinez/.m2/repository/org/springframework/spring-web/5.0.9.RELEASE/spring-web-5.0.9.RELEASE.jar:/Users/hernanezequielmartinez/.m2/repository/org/springframework/spring-beans/5.0.9.RELEASE/spring-beans-5.0.9.RELEASE.jar:/Users/hernanezequielmartinez/.m2/repository/org/springframework/spring-webmvc/5.0.9.RELEASE/spring-webmvc-5.0.9.RELEASE.jar:/Users/hernanezequielmartinez/.m2/repository/org/springframework/spring-aop/5.0.9.RELEASE/spring-aop-5.0.9.RELEASE.jar:/Users/hernanezequielmartinez/.m2/repository/org/springframework/spring-context/5.0.9.RELEASE/spring-context-5.0.9.RELEASE.jar:/Users/hernanezequielmartinez/.m2/repository/org/springframework/spring-expression/5.0.9.RELEASE/spring-expression-5.0.9.RELEASE.jar:/Users/hernanezequielmartinez/.m2/repository/org/springframework/boot/spring-boot-starter-data-neo4j/2.0.5.RELEASE/spring-boot-starter-data-neo4j-2.0.5.RELEASE.jar:/Users/hernanezequielmartinez/.m2/repository/org/springframework/data/spring-data-neo4j/5.0.10.RELEASE/spring-data-neo4j-5.0.10.RELEASE.jar:/Users/hernanezequielmartinez/.m2/repository/org/springframework/spring-tx/5.0.9.RELEASE/spring-tx-5.0.9.RELEASE.jar:/Users/hernanezequielmartinez/.m2/repository/org/springframework/data/spring-data-commons/2.0.10.RELEASE/spring-data-commons-2.0.10.RELEASE.jar:/Users/hernanezequielmartinez/.m2/repository/org/slf4j/slf4j-api/1.7.25/slf4j-api-1.7.25.jar:/Users/hernanezequielmartinez/.m2/repository/org/springframework/boot/spring-boot-starter-data-rest/2.0.5.RELEASE/spring-boot-starter-data-rest-2.0.5.RELEASE.jar:/Users/hernanezequielmartinez/.m2/repository/org/springframework/data/spring-data-rest-webmvc/3.0.10.RELEASE/spring-data-rest-webmvc-3.0.10.RELEASE.jar:/Users/hernanezequielmartinez/.m2/repository/org/springframework/data/spring-data-rest-core/3.0.10.RELEASE/spring-data-rest-core-3.0.10.RELEASE.jar:/Users/hernanezequielmartinez/.m2/repository/org/springframework/hateoas/spring-hateoas/0.25.0.RELEASE/spring-hateoas-0.25.0.RELEASE.jar:/Users/hernanezequielmartinez/.m2/repository/org/springframework/plugin/spring-plugin-core/1.2.0.RELEASE/spring-plugin-core-1.2.0.RELEASE.jar:/Users/hernanezequielmartinez/.m2/repository/org/atteo/evo-inflector/1.2.2/evo-inflector-1.2.2.jar:/Users/hernanezequielmartinez/.m2/repository/com/fasterxml/jackson/core/jackson-annotations/2.9.0/jackson-annotations-2.9.0.jar:/Users/hernanezequielmartinez/.m2/repository/org/springframework/boot/spring-boot-devtools/2.0.5.RELEASE/spring-boot-devtools-2.0.5.RELEASE.jar:/Users/hernanezequielmartinez/.m2/repository/org/springframework/boot/spring-boot/2.0.5.RELEASE/spring-boot-2.0.5.RELEASE.jar:/Users/hernanezequielmartinez/.m2/repository/org/springframework/boot/spring-boot-autoconfigure/2.0.5.RELEASE/spring-boot-autoconfigure-2.0.5.RELEASE.jar:/Users/hernanezequielmartinez/.m2/repository/org/springframework/boot/spring-boot-starter-test/2.0.5.RELEASE/spring-boot-starter-test-2.0.5.RELEASE.jar:/Users/hernanezequielmartinez/.m2/repository/org/springframework/boot/spring-boot-test/2.0.5.RELEASE/spring-boot-test-2.0.5.RELEASE.jar:/Users/hernanezequielmartinez/.m2/repository/org/springframework/boot/spring-boot-test-autoconfigure/2.0.5.RELEASE/spring-boot-test-autoconfigure-2.0.5.RELEASE.jar:/Users/hernanezequielmartinez/.m2/repository/com/jayway/jsonpath/json-path/2.4.0/json-path-2.4.0.jar:/Users/hernanezequielmartinez/.m2/repository/net/minidev/json-smart/2.3/json-smart-2.3.jar:/Users/hernanezequielmartinez/.m2/repository/net/minidev/accessors-smart/1.2/accessors-smart-1.2.jar:/Users/hernanezequielmartinez/.m2/repository/junit/junit/4.12/junit-4.12.jar:/Users/hernanezequielmartinez/.m2/repository/org/assertj/assertj-core/3.9.1/assertj-core-3.9.1.jar:/Users/hernanezequielmartinez/.m2/repository/org/mockito/mockito-core/2.15.0/mockito-core-2.15.0.jar:/Users/hernanezequielmartinez/.m2/repository/net/bytebuddy/byte-buddy/1.7.11/byte-buddy-1.7.11.jar:/Users/hernanezequielmartinez/.m2/repository/net/bytebuddy/byte-buddy-agent/1.7.11/byte-buddy-agent-1.7.11.jar:/Users/hernanezequielmartinez/.m2/repository/org/objenesis/objenesis/2.6/objenesis-2.6.jar:/Users/hernanezequielmartinez/.m2/repository/org/hamcrest/hamcrest-core/1.3/hamcrest-core-1.3.jar:/Users/hernanezequielmartinez/.m2/repository/org/hamcrest/hamcrest-library/1.3/hamcrest-library-1.3.jar:/Users/hernanezequielmartinez/.m2/repository/org/skyscreamer/jsonassert/1.5.0/jsonassert-1.5.0.jar:/Users/hernanezequielmartinez/.m2/repository/com/vaadin/external/google/android-json/0.0.20131108.vaadin1/android-json-0.0.20131108.vaadin1.jar:/Users/hernanezequielmartinez/.m2/repository/org/springframework/spring-core/5.0.9.RELEASE/spring-core-5.0.9.RELEASE.jar:/Users/hernanezequielmartinez/.m2/repository/org/springframework/spring-jcl/5.0.9.RELEASE/spring-jcl-5.0.9.RELEASE.jar:/Users/hernanezequielmartinez/.m2/repository/org/springframework/spring-test/5.0.9.RELEASE/spring-test-5.0.9.RELEASE.jar:/Users/hernanezequielmartinez/.m2/repository/org/xmlunit/xmlunit-core/2.5.1/xmlunit-core-2.5.1.jar:/Users/hernanezequielmartinez/.m2/repository/org/neo4j/neo4j/3.4.9/neo4j-3.4.9.jar:/Users/hernanezequielmartinez/.m2/repository/org/neo4j/neo4j-kernel/3.4.9/neo4j-kernel-3.4.9.jar:/Users/hernanezequielmartinez/.m2/repository/org/neo4j/neo4j-graphdb-api/3.4.9/neo4j-graphdb-api-3.4.9.jar:/Users/hernanezequielmartinez/.m2/repository/org/neo4j/neo4j-resource/3.4.9/neo4j-resource-3.4.9.jar:/Users/hernanezequielmartinez/.m2/repository/org/neo4j/neo4j-procedure-api/3.4.9/neo4j-procedure-api-3.4.9.jar:/Users/hernanezequielmartinez/.m2/repository/org/neo4j/neo4j-kernel-api/3.4.9/neo4j-kernel-api-3.4.9.jar:/Users/hernanezequielmartinez/.m2/repository/org/neo4j/neo4j-common/3.4.9/neo4j-common-3.4.9.jar:/Users/hernanezequielmartinez/.m2/repository/org/neo4j/neo4j-values/3.4.9/neo4j-values-3.4.9.jar:/Users/hernanezequielmartinez/.m2/repository/org/neo4j/neo4j-collections/3.4.9/neo4j-collections-3.4.9.jar:/Users/hernanezequielmartinez/.m2/repository/org/neo4j/neo4j-primitive-collections/3.4.9/neo4j-primitive-collections-3.4.9.jar:/Users/hernanezequielmartinez/.m2/repository/org/neo4j/neo4j-unsafe/3.4.9/neo4j-unsafe-3.4.9.jar:/Users/hernanezequielmartinez/.m2/repository/org/neo4j/neo4j-io/3.4.9/neo4j-io-3.4.9.jar:/Users/hernanezequielmartinez/.m2/repository/org/neo4j/neo4j-csv/3.4.9/neo4j-csv-3.4.9.jar:/Users/hernanezequielmartinez/.m2/repository/org/neo4j/neo4j-logging/3.4.9/neo4j-logging-3.4.9.jar:/Users/hernanezequielmartinez/.m2/repository/org/neo4j/neo4j-lucene-upgrade/3.4.9/neo4j-lucene-upgrade-3.4.9.jar:/Users/hernanezequielmartinez/.m2/repository/org/apache/lucene/lucene-backward-codecs/5.5.0/lucene-backward-codecs-5.5.0.jar:/Users/hernanezequielmartinez/.m2/repository/org/neo4j/neo4j-configuration/3.4.9/neo4j-configuration-3.4.9.jar:/Users/hernanezequielmartinez/.m2/repository/org/neo4j/neo4j-index/3.4.9/neo4j-index-3.4.9.jar:/Users/hernanezequielmartinez/.m2/repository/org/neo4j/neo4j-spatial-index/3.4.9/neo4j-spatial-index-3.4.9.jar:/Users/hernanezequielmartinez/.m2/repository/org/neo4j/neo4j-ssl/3.4.9/neo4j-ssl-3.4.9.jar:/Users/hernanezequielmartinez/.m2/repository/io/netty/netty-all/4.1.29.Final/netty-all-4.1.29.Final.jar:/Users/hernanezequielmartinez/.m2/repository/org/bouncycastle/bcpkix-jdk15on/1.60/bcpkix-jdk15on-1.60.jar:/Users/hernanezequielmartinez/.m2/repository/org/bouncycastle/bcprov-jdk15on/1.60/bcprov-jdk15on-1.60.jar:/Users/hernanezequielmartinez/.m2/repository/org/neo4j/neo4j-lucene-index/3.4.9/neo4j-lucene-index-3.4.9.jar:/Users/hernanezequielmartinez/.m2/repository/org/apache/lucene/lucene-analyzers-common/5.5.5/lucene-analyzers-common-5.5.5.jar:/Users/hernanezequielmartinez/.m2/repository/org/apache/lucene/lucene-core/5.5.5/lucene-core-5.5.5.jar:/Users/hernanezequielmartinez/.m2/repository/org/apache/lucene/lucene-queryparser/5.5.5/lucene-queryparser-5.5.5.jar:/Users/hernanezequielmartinez/.m2/repository/org/apache/lucene/lucene-codecs/5.5.5/lucene-codecs-5.5.5.jar:/Users/hernanezequielmartinez/.m2/repository/org/neo4j/neo4j-graph-algo/3.4.9/neo4j-graph-algo-3.4.9.jar:/Users/hernanezequielmartinez/.m2/repository/org/neo4j/neo4j-udc/3.4.9/neo4j-udc-3.4.9.jar:/Users/hernanezequielmartinez/.m2/repository/org/neo4j/neo4j-cypher/3.4.9/neo4j-cypher-3.4.9.jar:/Users/hernanezequielmartinez/.m2/repository/org/scala-lang/scala-library/2.11.12/scala-library-2.11.12.jar:/Users/hernanezequielmartinez/.m2/repository/org/scala-lang/scala-reflect/2.11.12/scala-reflect-2.11.12.jar:/Users/hernanezequielmartinez/.m2/repository/org/neo4j/neo4j-graph-matching/3.1.9/neo4j-graph-matching-3.1.9.jar:/Users/hernanezequielmartinez/.m2/repository/org/neo4j/neo4j-codegen/3.4.9/neo4j-codegen-3.4.9.jar:/Users/hernanezequielmartinez/.m2/repository/org/ow2/asm/asm/6.2/asm-6.2.jar:/Users/hernanezequielmartinez/.m2/repository/org/ow2/asm/asm-util/6.2/asm-util-6.2.jar:/Users/hernanezequielmartinez/.m2/repository/org/ow2/asm/asm-analysis/6.2/asm-analysis-6.2.jar:/Users/hernanezequielmartinez/.m2/repository/org/ow2/asm/asm-tree/6.2/asm-tree-6.2.jar:/Users/hernanezequielmartinez/.m2/repository/org/neo4j/neo4j-cypher-compiler-2.3/2.3.12/neo4j-cypher-compiler-2.3-2.3.12.jar:/Users/hernanezequielmartinez/.m2/repository/org/neo4j/neo4j-cypher-frontend-2.3/2.3.12/neo4j-cypher-frontend-2.3-2.3.12.jar:/Users/hernanezequielmartinez/.m2/repository/com/googlecode/concurrentlinkedhashmap/concurrentlinkedhashmap-lru/1.4.2/concurrentlinkedhashmap-lru-1.4.2.jar:/Users/hernanezequielmartinez/.m2/repository/org/neo4j/neo4j-cypher-compiler-3.1/3.1.9/neo4j-cypher-compiler-3.1-3.1.9.jar:/Users/hernanezequielmartinez/.m2/repository/org/neo4j/neo4j-cypher-frontend-3.1/3.1.9/neo4j-cypher-frontend-3.1-3.1.9.jar:/Users/hernanezequielmartinez/.m2/repository/com/github/ben-manes/caffeine/caffeine/2.6.2/caffeine-2.6.2.jar:/Users/hernanezequielmartinez/.m2/repository/org/neo4j/neo4j-cypher-compiler-3.3/3.3.7/neo4j-cypher-compiler-3.3-3.3.7.jar:/Users/hernanezequielmartinez/.m2/repository/org/neo4j/neo4j-cypher-frontend-3.3/3.3.7/neo4j-cypher-frontend-3.3-3.3.7.jar:/Users/hernanezequielmartinez/.m2/repository/org/neo4j/neo4j-cypher-ir-3.3/3.3.7/neo4j-cypher-ir-3.3-3.3.7.jar:/Users/hernanezequielmartinez/.m2/repository/org/neo4j/neo4j-cypher-logical-plans-3.3/3.3.7/neo4j-cypher-logical-plans-3.3-3.3.7.jar:/Users/hernanezequielmartinez/.m2/repository/org/neo4j/neo4j-cypher-util-3.4/3.4.9/neo4j-cypher-util-3.4-3.4.9.jar:/Users/hernanezequielmartinez/.m2/repository/org/neo4j/neo4j-cypher-planner-3.4/3.4.9/neo4j-cypher-planner-3.4-3.4.9.jar:/Users/hernanezequielmartinez/.m2/repository/org/neo4j/openCypher-frontend-1/3.4.9/openCypher-frontend-1-3.4.9.jar:/Users/hernanezequielmartinez/.m2/repository/org/neo4j/neo4j-cypher-expression-3.4/3.4.9/neo4j-cypher-expression-3.4-3.4.9.jar:/Users/hernanezequielmartinez/.m2/repository/org/neo4j/neo4j-cypher-ir-3.4/3.4.9/neo4j-cypher-ir-3.4-3.4.9.jar:/Users/hernanezequielmartinez/.m2/repository/org/neo4j/neo4j-cypher-logical-plans-3.4/3.4.9/neo4j-cypher-logical-plans-3.4-3.4.9.jar:/Users/hernanezequielmartinez/.m2/repository/org/neo4j/neo4j-cypher-planner-spi-3.4/3.4.9/neo4j-cypher-planner-spi-3.4-3.4.9.jar:/Users/hernanezequielmartinez/.m2/repository/org/neo4j/neo4j-cypher-runtime-util/3.4.9/neo4j-cypher-runtime-util-3.4.9.jar:/Users/hernanezequielmartinez/.m2/repository/org/neo4j/neo4j-cypher-interpreted-runtime/3.4.9/neo4j-cypher-interpreted-runtime-3.4.9.jar:/Users/hernanezequielmartinez/.m2/repository/org/parboiled/parboiled-scala_2.11/1.1.7/parboiled-scala_2.11-1.1.7.jar:/Users/hernanezequielmartinez/.m2/repository/org/parboiled/parboiled-core/1.1.7/parboiled-core-1.1.7.jar:/Users/hernanezequielmartinez/.m2/repository/net/sf/opencsv/opencsv/2.3/opencsv-2.3.jar:/Users/hernanezequielmartinez/.m2/repository/org/apache/commons/commons-lang3/3.7/commons-lang3-3.7.jar:/Users/hernanezequielmartinez/.m2/repository/org/neo4j/neo4j-jmx/3.4.9/neo4j-jmx-3.4.9.jar:/Users/hernanezequielmartinez/.m2/repository/org/neo4j/neo4j-consistency-check/3.4.9/neo4j-consistency-check-3.4.9.jar:/Users/hernanezequielmartinez/.m2/repository/org/neo4j/neo4j-command-line/3.4.9/neo4j-command-line-3.4.9.jar:/Users/hernanezequielmartinez/.m2/repository/org/apache/commons/commons-text/1.3/commons-text-1.3.jar:/Users/hernanezequielmartinez/.m2/repository/org/neo4j/neo4j-dbms/3.4.9/neo4j-dbms-3.4.9.jar:/Users/hernanezequielmartinez/.m2/repository/org/neo4j/neo4j-import-tool/3.4.9/neo4j-import-tool-3.4.9.jar:/Users/hernanezequielmartinez/.m2/repository/org/jprocesses/jProcesses/1.6.4/jProcesses-1.6.4.jar:/Users/hernanezequielmartinez/.m2/repository/com/profesorfalken/WMI4Java/1.6.1/WMI4Java-1.6.1.jar:/Users/hernanezequielmartinez/.m2/repository/com/profesorfalken/jPowerShell/1.9/jPowerShell-1.9.jar:/Users/hernanezequielmartinez/.m2/repository/org/apache/commons/commons-compress/1.16.1/commons-compress-1.16.1.jar:/Users/hernanezequielmartinez/.m2/repository/org/neo4j/neo4j-ogm-embedded-driver/3.1.2/neo4j-ogm-embedded-driver-3.1.2.jar:/Users/hernanezequielmartinez/.m2/repository/org/neo4j/neo4j-ogm-api/3.1.2/neo4j-ogm-api-3.1.2.jar:/Users/hernanezequielmartinez/.m2/repository/org/neo4j/neo4j-ogm-core/3.1.2/neo4j-ogm-core-3.1.2.jar:/Users/hernanezequielmartinez/.m2/repository/io/github/lukehutch/fast-classpath-scanner/2.18.1/fast-classpath-scanner-2.18.1.jar:/Users/hernanezequielmartinez/.m2/repository/commons-io/commons-io/2.4/commons-io-2.4.jar:/Users/hernanezequielmartinez/.m2/repository/org/neo4j/neo4j-ogm-bolt-driver/3.1.2/neo4j-ogm-bolt-driver-3.1.2.jar:/Users/hernanezequielmartinez/.m2/repository/org/neo4j/driver/neo4j-java-driver/1.5.0/neo4j-java-driver-1.5.0.jar:"/>
    <property name="sun.cpu.endian" value="little"/>
    <property name="user.home" value="/Users/hernanezequielmartinez"/>
    <property name="user.language" value="en"/>
    <property name="java.specification.vendor" value="Oracle Corporation"/>
    <property name="java.version.date" value="2019-07-16"/>
    <property name="java.home" value="/Applications/IntelliJ IDEA CE.app/Contents/jbr/Contents/Home"/>
    <property name="file.separator" value="/"/>
    <property name="basedir" value="/Users/hernanezequielmartinez/Documents/workspace/SparklyMovieDatabase"/>
    <property name="java.vm.compressedOopsMode" value="Zero based"/>
    <property name="line.separator" value="&#10;"/>
    <property name="idea.version2019.2.4" value="true"/>
    <property name="java.specification.name" value="Java Platform API Specification"/>
    <property name="java.vm.specification.vendor" value="Oracle Corporation"/>
    <property name="java.awt.graphicsenv" value="sun.awt.CGraphicsEnvironment"/>
    <property name="surefire.real.class.path" value="/Users/hernanezequielmartinez/Documents/workspace/SparklyMovieDatabase/target/surefire/surefirebooter8534843084911506149.jar"/>
    <property name="sun.management.compiler" value="HotSpot 64-Bit Tiered Compilers"/>
    <property name="ftp.nonProxyHosts" value="local|*.local|169.254/16|*.169.254/16"/>
    <property name="java.runtime.version" value="11.0.4+10-b304.77"/>
    <property name="user.name" value="hernanezequielmartinez"/>
    <property name="path.separator" value=":"/>
    <property name="os.version" value="10.15.4"/>
    <property name="java.runtime.name" value="OpenJDK Runtime Environment"/>
    <property name="file.encoding" value="UTF-8"/>
    <property name="java.vm.name" value="OpenJDK 64-Bit Server VM"/>
    <property name="localRepository" value="/Users/hernanezequielmartinez/.m2/repository"/>
    <property name="java.vendor.url.bug" value="https://youtrack.jetbrains.com"/>
    <property name="java.io.tmpdir" value="/var/folders/xh/fj9709fd0fdfkpjgrnkkmt800000gn/T/"/>
    <property name="java.version" value="11.0.4"/>
    <property name="user.dir" value="/Users/hernanezequielmartinez/Documents/workspace/SparklyMovieDatabase"/>
    <property name="os.arch" value="x86_64"/>
    <property name="java.vm.specification.name" value="Java Virtual Machine Specification"/>
    <property name="java.awt.printerjob" value="sun.lwawt.macosx.CPrinterJob"/>
    <property name="sun.os.patch.level" value="unknown"/>
    <property name="java.library.path" value="/Users/hernanezequielmartinez/Library/Java/Extensions:/Library/Java/Extensions:/Network/Library/Java/Extensions:/System/Library/Java/Extensions:/usr/lib/java:."/>
    <property name="java.vendor" value="JetBrains s.r.o"/>
    <property name="java.vm.info" value="mixed mode"/>
    <property name="java.vm.version" value="11.0.4+10-b304.77"/>
    <property name="sun.io.unicode.encoding" value="UnicodeBig"/>
    <property name="java.class.version" value="55.0"/>
    <property name="socksNonProxyHosts" value="local|*.local|169.254/16|*.169.254/16"/>
  </properties>
  <testcase name="testGraph" classname="com.sparkdigital.api.repositories.MovieRepositoryTest" time="4.027"/>
  <testcase name="testFindByTitle" classname="com.sparkdigital.api.repositories.MovieRepositoryTest" time="0.254"/>
  <testcase name="testFindByTitleContaining" classname="com.sparkdigital.api.repositories.MovieRepositoryTest" time="0.144"/>
  <testcase name="testFindAllMoviewByOneActor" classname="com.sparkdigital.api.repositories.MovieRepositoryTest" time="0.266"/>
</testsuite>